<?xml version="1.0" encoding="UTF-8"?>
<testsuite xmlns:xsi="http://www.w3.org/2001/XMLSchema-instance" xsi:schemaLocation="https://maven.apache.org/surefire/maven-surefire-plugin/xsd/surefire-test-report.xsd" name="runner.Testrunner" time="90.413" tests="14" errors="0" skipped="0" failures="0">
  <properties>
[...]
</properties>
  <testcase name="Login with valid credentials #1" classname="Login functionality" time="14.562"/>
  <testcase name="Login with valid credentials #2" classname="Login functionality" time="5.765"/>
  <testcase name="Login with valid credentials #3" classname="Login functionality" time="5.62"/>
  <testcase name="Login with invalid credentials" classname="Login functionality" time="4.914"/>
  <testcase name="Login with valid email and invalid password" classname="Login functionality" time="7.23"/>
  <testcase name="Login with invalid email and valid password" classname="Login functionality" time="5"/>
  <testcase name="Login without providing any credentials" classname="Login functionality" time="4.982"/>
  <testcase name="User creates an account only with mandatory fields" classname="Registration functionality" time="6.203"/>
  <testcase name="User creates an account with all fields" classname="Registration functionality" time="6.699"/>
  <testcase name="User creates a duplicate account" classname="Registration functionality" time="7.314"/>
  <testcase name="User creates an account without filling any details" classname="Registration functionality" time="6.395"/>
  <testcase name="User searches for a valid product" classname="Search functionality" time="4.031"/>
  <testcase name="User searches for an invalid product" classname="Search functionality" time="3.664"/>
  <testcase name="User searches without any product" classname="Search functionality" time="3.533"/>
</testsuite>